
                        DC Professional (TM)
                           DC Expert (TM)
                            DC Ultra (TM)
                       FloorPlan Manager (TM)
                          HDL Compiler (TM)
                         VHDL Compiler (TM)
                        Library Compiler (TM)
                      DesignWare Developer (TM)
                          DFT Compiler (TM)
                            BSD Compiler
                         Power Compiler (TM)

           Version C-2009.06-SP5 for linux -- Jan 15, 2010
              Copyright (c) 1988-2009 by Synopsys, Inc.
                         ALL RIGHTS RESERVED

This software and the associated documentation are confidential and 
proprietary to Synopsys, Inc. Your use or disclosure of this software 
is subject to the terms and conditions of a written license agreement 
between you, or your company, and Synopsys, Inc.

The above trademark notice does not imply that you are licensed to use 
all of the listed products. You are licensed to use only those products 
for which you have lawfully obtained a valid license key.

Initializing...
set DLIB /home/icic/Desktop/part2/ASCON/imp_ASCON/db                            ;# Define the directories of library
/home/icic/Desktop/part2/ASCON/imp_ASCON/db
set DP /home/icic/Desktop/part2/ASCON/imp_ASCON                                 ;# Define the directories of project
/home/icic/Desktop/part2/ASCON/imp_ASCON
set TOP imp_ASCON                                          ;# Top-level module name 
imp_ASCON
set myFiles ${DP}/src/imp_ASCON.vhd				; # list of all HDL files in the design
/home/icic/Desktop/part2/ASCON/imp_ASCON/src/imp_ASCON.vhd
set NScan 0                                                   ;# The number of scan chain
0
set myClk clk                                                 ;# The name of your clock
clk
set virtual 1                                                 ;# 1 if virtual clock, 0 if real clock
1
set libFile "tsmc90.db"									  ;# Define the target_libraries
tsmc90.db
set myPeriod_ns 5                                             ;# desire clock period (in ns) (sets speed goal)
5
set search_path [concat $search_path ${DP}/src ${DLIB}]       ;# Define the search_path
. /opt/Synopsys/DC/libraries/syn /opt/Synopsys/DC/dw/syn_ver /opt/Synopsys/DC/dw/sim_ver /home/icic/Desktop/part2/ASCON/imp_ASCON/src /home/icic/Desktop/part2/ASCON/imp_ASCON/db
set target_library ${DLIB}/$libFile                           ;# Define the target_libraries
/home/icic/Desktop/part2/ASCON/imp_ASCON/db/tsmc90.db
set link_library [concat "*" $target_library]                 ;# Define the link_libraries
* /home/icic/Desktop/part2/ASCON/imp_ASCON/db/tsmc90.db
set runname syn                                               ;# Name appended to output files
syn
set dft_runname syn_dft                                       ;# Name appended to output files for scan
syn_dft
set exit_dc 1                                                 ;# 1 to exit DC after running, 0 to keep DC running
1
set verbose 0                                                 ;# 1 Write reports to screen, 0 do not write reports to screen
0
set myClkLatency_ns 0                                         ;# clock network latency
0
set myInDelay_ns 0                                            ;# delay from clock to inputs valid
0
set myOutDelay_ns 0                                           ;# delay from clock to output valid
0
set myMaxFanout  1                                            ;# max fanout load for input pins
1
set myFanoutLoad 8                                            ;# fanout load
8
set myOutputLoad 0.1                                          ;# output pin loading
0.1
set myInputBuf INVX1                                          ;# name of cell driving the inputs
INVX1
set myLoadLibrary [file rootname $target_library]             ;# name of library the cell comes from
/home/icic/Desktop/part2/ASCON/imp_ASCON/db/tsmc90
set myLoadPin A                                               ;# name of pin that the outputs drive
A
set optimizeArea 0                                            ;# 1 for area, 0 for speed 
0
set useUltra 0                                                ;# 1 for compile_ultra, 0 for compile
0
# mapEffort, useUngroup are for 
# non-ultra compile...   
set useUngroup 1                                              ;# 0 if no flatten, 1 if flatten
1
set fileFormat VHDL                                        ;# Verilog or VHDL
VHDL
remove_design -all                                            ;# remove any other designs from design compiler's memory
1
define_design_lib WORK -path ${DP}/work
1
analyze -library WORK -format $fileFormat $myFiles            ;# Analyzer  source files
Running PRESTO HDLC
Compiling Package Declaration AEAD_PKG
Compiling Package Body AEAD_PKG
Compiling Entity Declaration AEAD
Compiling Entity Declaration PREPROCESSOR
Compiling Architecture STRUCTURE of PREPROCESSOR
Compiling Entity Declaration ASCON_ROUND
Compiling Architecture STRUCTURE of ASCON_ROUND
Compiling Entity Declaration CIPHERCORE_DATAPATH
Compiling Architecture STRUCTURE of CIPHERCORE_DATAPATH
Compiling Entity Declaration CIPHERCORE_CONTROL
Compiling Architecture BEHAVIOR of CIPHERCORE_CONTROL
Compiling Entity Declaration CIPHERCORE_CONTROL
Compiling Architecture BEHAVIOR of CIPHERCORE_CONTROL
Error:  /home/icic/Desktop/part2/ASCON/imp_ASCON/src/imp_ASCON.vhd:1702: You have declared more than one architectures with the same name 'behavior'. (VHD-3)
Compiling Entity Declaration CIPHERCORE
Compiling Architecture STRUCTURE of CIPHERCORE
Compiling Entity Declaration POSTPROCESSOR
Compiling Architecture STRUCTURE of POSTPROCESSOR
Compiling Entity Declaration FWFT_FIFO
Compiling Architecture STRUCTURE of FWFT_FIFO
Compiling Architecture STRUCTURE of AEAD
Compiling Entity Declaration UP_COUNTER
Compiling Architecture BEHAVIORAL of UP_COUNTER
Compiling Entity Declaration REGIS
Compiling Architecture BEHAVIORAL of REGIS
Compiling Entity Declaration IMP_ASCON
Compiling Architecture STRUCTURAL of IMP_ASCON
*** Presto compilation terminated with 1 errors. ***
Loading db file '/home/icic/Desktop/part2/ASCON/imp_ASCON/db/tsmc90.db'
1
elaborate $TOP -architecture structural -library DEFAULT     ;# Elaborate source files
Loading db file '/opt/Synopsys/DC/libraries/syn/gtech.db'
Loading db file '/opt/Synopsys/DC/libraries/syn/standard.sldb'
  Loading link library 'typical'
  Loading link library 'gtech'
Running PRESTO HDLC

Statistics for case statements in always block at line 3208 in file
	'/home/icic/Desktop/part2/ASCON/imp_ASCON/src/imp_ASCON.vhd'
===============================================
|           Line           |  full/ parallel  |
===============================================
|           3208           |    auto/auto     |
===============================================

Statistics for case statements in always block at line 3214 in file
	'/home/icic/Desktop/part2/ASCON/imp_ASCON/src/imp_ASCON.vhd'
===============================================
|           Line           |  full/ parallel  |
===============================================
|           3214           |    auto/auto     |
===============================================
Presto compilation completed successfully.
Elaborated 1 design.
Current design is now 'imp_ASCON'.
Information: Building the design 'AEAD' instantiated from design 'imp_ASCON' with
	the parameters "G_W=32,G_SW=32,G_ASYNC_RSTN=1'h0,G_ENABLE_PAD=1'h1,G_CIPH_EXP=1'h0,G_REVERSE_CIPH=1'h0,G_MERGE_TAG=1'h0,G_ABLK_SIZE=64,G_DBLK_SIZE=64,G_KEY_SIZE=32,G_TAG_SIZE=128,G_PAD_STYLE=1,G_PAD_AD=3,G_PAD_D=4,G_MAX_LEN=32". (HDL-193)
Presto compilation completed successfully.
Information: Building the design 'UP_COUNTER' instantiated from design 'imp_ASCON' with
	the parameters "datasize=64". (HDL-193)

Inferred memory devices in process
	in routine UP_COUNTER_datasize64 line 3015 in file
		'/home/icic/Desktop/part2/ASCON/imp_ASCON/src/imp_ASCON.vhd'.
===============================================================================
|    Register Name    |   Type    | Width | Bus | MB | AR | AS | SR | SS | ST |
===============================================================================
|   counter_up_reg    | Flip-flop |  64   |  Y  | N  | N  | N  | N  | N  | N  |
===============================================================================
Presto compilation completed successfully.
Information: Building the design 'Regis' instantiated from design 'imp_ASCON' with
	the parameters "datasize=64". (HDL-193)

Inferred memory devices in process
	in routine Regis_datasize64 line 3045 in file
		'/home/icic/Desktop/part2/ASCON/imp_ASCON/src/imp_ASCON.vhd'.
===============================================================================
|    Register Name    |   Type    | Width | Bus | MB | AR | AS | SR | SS | ST |
===============================================================================
|       do_reg        | Flip-flop |  64   |  Y  | N  | Y  | N  | N  | N  | N  |
===============================================================================
Presto compilation completed successfully.
Information: Building the design 'Regis' instantiated from design 'imp_ASCON' with
	the parameters "datasize=128". (HDL-193)

Inferred memory devices in process
	in routine Regis_datasize128 line 3045 in file
		'/home/icic/Desktop/part2/ASCON/imp_ASCON/src/imp_ASCON.vhd'.
===============================================================================
|    Register Name    |   Type    | Width | Bus | MB | AR | AS | SR | SS | ST |
===============================================================================
|       do_reg        | Flip-flop |  128  |  Y  | N  | Y  | N  | N  | N  | N  |
===============================================================================
Presto compilation completed successfully.
Information: Building the design 'PreProcessor' instantiated from design 'AEAD_32_32_0_1_0_0_0_64_64_32_128_1_3_4_32' with
	the parameters "G_W=32,G_SW=32,G_ASYNC_RSTN=1'h0,G_ENABLE_PAD=1'h1,G_CIPH_EXP=1'h0,G_REVERSE_CIPH=1'h0,G_MERGE_TAG=1'h0,G_ABLK_SIZE=64,G_DBLK_SIZE=64,G_KEY_SIZE=32,G_LBS_BYTES=3,G_PAD_STYLE=1,G_PAD_AD=3,G_PAD_D=4". (HDL-193)
Warning:  /home/icic/Desktop/part2/ASCON/imp_ASCON/src/imp_ASCON.vhd:426: Potential simulation-synthesis mismatch if index exceeds size of array 'VBYTES_LOOKUP'. (ELAB-349)
Warning:  /home/icic/Desktop/part2/ASCON/imp_ASCON/src/imp_ASCON.vhd:429: Potential simulation-synthesis mismatch if index exceeds size of array 'PLOC_LOOKUP'. (ELAB-349)
Warning:  /home/icic/Desktop/part2/ASCON/imp_ASCON/src/imp_ASCON.vhd:937: 'is_decrypt' is being read, but does not appear in the sensitivity list of the block. (ELAB-292)

Statistics for case statements in always block at line 814 in file
	'/home/icic/Desktop/part2/ASCON/imp_ASCON/src/imp_ASCON.vhd'
===============================================
|           Line           |  full/ parallel  |
===============================================
|           839            |    auto/auto     |
===============================================

Statistics for case statements in always block at line 1040 in file
	'/home/icic/Desktop/part2/ASCON/imp_ASCON/src/imp_ASCON.vhd'
===============================================
|           Line           |  full/ parallel  |
===============================================
|           1052           |    auto/auto     |
===============================================

Inferred memory devices in process
	in routine PreProcessor_32_32_0_1_0_0_0_64_64_32_3_1_3_4 line 436 in file
		'/home/icic/Desktop/part2/ASCON/imp_ASCON/src/imp_ASCON.vhd'.
===============================================================================
|    Register Name    |   Type    | Width | Bus | MB | AR | AS | SR | SS | ST |
===============================================================================
|      size_reg       | Flip-flop |   3   |  Y  | N  | N  | N  | N  | N  | N  |
|     vbytes_reg      | Flip-flop |   4   |  Y  | N  | N  | N  | N  | N  | N  |
|    reg_ploc_reg     | Flip-flop |   8   |  Y  | N  | N  | N  | N  | N  | N  |
|    reg_data_reg     | Flip-flop |  64   |  Y  | N  | N  | N  | N  | N  | N  |
|      ploc_reg       | Flip-flop |   4   |  Y  | N  | N  | N  | N  | N  | N  |
|   reg_vbytes_reg    | Flip-flop |   8   |  Y  | N  | N  | N  | N  | N  | N  |
===============================================================================

Inferred memory devices in process
	in routine PreProcessor_32_32_0_1_0_0_0_64_64_32_3_1_3_4 line 485 in file
		'/home/icic/Desktop/part2/ASCON/imp_ASCON/src/imp_ASCON.vhd'.
===============================================================================
|    Register Name    |   Type    | Width | Bus | MB | AR | AS | SR | SS | ST |
===============================================================================
|       ss_reg        | Flip-flop |   2   |  Y  | N  | N  | N  | N  | N  | N  |
|    reg_size_reg     | Flip-flop |   4   |  Y  | N  | N  | N  | N  | N  | N  |
| reg_key_update_reg  | Flip-flop |   1   |  N  | N  | N  | N  | N  | N  | N  |
|  reg_bdi_valid_reg  | Flip-flop |   1   |  N  | N  | N  | N  | N  | N  | N  |
|       ps_reg        | Flip-flop |   3   |  Y  | N  | N  | N  | N  | N  | N  |
|     req_pad_reg     | Flip-flop |   1   |  N  | N  | N  | N  | N  | N  | N  |
===============================================================================

Inferred memory devices in process
	in routine PreProcessor_32_32_0_1_0_0_0_64_64_32_3_1_3_4 line 671 in file
		'/home/icic/Desktop/part2/ASCON/imp_ASCON/src/imp_ASCON.vhd'.
===============================================================================
|    Register Name    |   Type    | Width | Bus | MB | AR | AS | SR | SS | ST |
===============================================================================
|     bdi_eot_reg     | Flip-flop |   1   |  N  | N  | N  | N  | N  | N  | N  |
|     bdi_eoi_reg     | Flip-flop |   1   |  N  | N  | N  | N  | N  | N  | N  |
===============================================================================

Inferred memory devices in process
	in routine PreProcessor_32_32_0_1_0_0_0_64_64_32_3_1_3_4 line 729 in file
		'/home/icic/Desktop/part2/ASCON/imp_ASCON/src/imp_ASCON.vhd'.
===============================================================================
|    Register Name    |   Type    | Width | Bus | MB | AR | AS | SR | SS | ST |
===============================================================================
|   is_decrypt_reg    | Flip-flop |   1   |  N  | N  | N  | N  | N  | N  | N  |
|    sgmt_len_reg     | Flip-flop |  16   |  Y  | N  | N  | N  | N  | N  | N  |
|    sgmt_type_reg    | Flip-flop |   3   |  Y  | N  | N  | N  | N  | N  | N  |
|       ctr_reg       | Flip-flop |   1   |  N  | N  | N  | N  | N  | N  | N  |
|    sgmt_lst_reg     | Flip-flop |   1   |  N  | N  | N  | N  | N  | N  | N  |
|    is_extra_reg     | Flip-flop |   1   |  N  | N  | N  | N  | N  | N  | N  |
|    sgmt_eoi_reg     | Flip-flop |   1   |  N  | N  | N  | N  | N  | N  | N  |
|  reg_sel_zero_reg   | Flip-flop |   1   |  N  | N  | N  | N  | N  | N  | N  |
|      slen_reg       | Flip-flop |   7   |  Y  | N  | N  | N  | N  | N  | N  |
|    sgmt_eot_reg     | Flip-flop |   1   |  N  | N  | N  | N  | N  | N  | N  |
===============================================================================
Presto compilation completed successfully.
Information: Building the design 'CipherCore' instantiated from design 'AEAD_32_32_0_1_0_0_0_64_64_32_128_1_3_4_32' with
	the parameters "G_ASYNC_RSTN=1'h0,G_DBLK_SIZE=64,G_KEY_SIZE=32,G_TAG_SIZE=128,G_LBS_BYTES=3,G_MAX_LEN=32". (HDL-193)
Presto compilation completed successfully.
Information: Building the design 'PostProcessor' instantiated from design 'AEAD_32_32_0_1_0_0_0_64_64_32_128_1_3_4_32' with
	the parameters "G_W=32,G_SW=32,G_ASYNC_RSTN=1'h0,G_CIPH_EXP=1'h0,G_REVERSE_CIPH=1'h0,G_MERGE_TAG=1'h0,G_DBLK_SIZE=64,G_TAG_SIZE=128,G_LBS_BYTES=3". (HDL-193)
Warning:  /home/icic/Desktop/part2/ASCON/imp_ASCON/src/imp_ASCON.vhd:2354: Potential simulation-synthesis mismatch if index exceeds size of array 'VBYTES_LOOKUP'. (ELAB-349)
Warning:  /home/icic/Desktop/part2/ASCON/imp_ASCON/src/imp_ASCON.vhd:2548: 'sgmt_type[3:2]' is being read, but does not appear in the sensitivity list of the block. (ELAB-292)

Statistics for case statements in always block at line 2466 in file
	'/home/icic/Desktop/part2/ASCON/imp_ASCON/src/imp_ASCON.vhd'
===============================================
|           Line           |  full/ parallel  |
===============================================
|           2493           |    auto/auto     |
===============================================
Error:  /home/icic/Desktop/part2/ASCON/imp_ASCON/src/imp_ASCON.vhd:2466: Net 'ld_ciph_exp_len', or a directly connected net, is driven by more than one source, and at least one source is a constant net. (ELAB-368)
*** Presto compilation terminated with 1 errors. ***
Information: Building the design 'fwft_fifo' instantiated from design 'AEAD_32_32_0_1_0_0_0_64_64_32_128_1_3_4_32' with
	the parameters "G_W=24,G_LOG2DEPTH=2,G_ASYNC_RSTN=1'h0". (HDL-193)
Warning:  /home/icic/Desktop/part2/ASCON/imp_ASCON/src/imp_ASCON.vhd:2711: Potential simulation-synthesis mismatch if index exceeds size of array 'memory'. (ELAB-349)
Warning:  /home/icic/Desktop/part2/ASCON/imp_ASCON/src/imp_ASCON.vhd:2720: Potential simulation-synthesis mismatch if index exceeds size of array 'memory'. (ELAB-349)

Inferred memory devices in process
	in routine fwft_fifo_24_2_0 line 2685 in file
		'/home/icic/Desktop/part2/ASCON/imp_ASCON/src/imp_ASCON.vhd'.
===============================================================================
|    Register Name    |   Type    | Width | Bus | MB | AR | AS | SR | SS | ST |
===============================================================================
|      wrptr_reg      | Flip-flop |   2   |  Y  | N  | N  | N  | N  | N  | N  |
|      rdptr_reg      | Flip-flop |   2   |  Y  | N  | N  | N  | N  | N  | N  |
|     looped_reg      | Flip-flop |   1   |  N  | N  | N  | N  | N  | N  | N  |
|     iready_reg      | Flip-flop |   1   |  N  | N  | N  | N  | N  | N  | N  |
|     memory_reg      | Flip-flop |  96   |  Y  | N  | N  | N  | N  | N  | N  |
|      dout_reg       | Flip-flop |  24   |  Y  | N  | N  | N  | N  | N  | N  |
|     ovalid_reg      | Flip-flop |   1   |  N  | N  | N  | N  | N  | N  | N  |
===============================================================================
Presto compilation completed successfully.
Information: Building the design 'CipherCore_Datapath' instantiated from design 'CipherCore_0_64_32_128_3_32' with
	the parameters "G_DBLK_SIZE=64". (HDL-193)

Statistics for case statements in always block at line 1302 in file
	'/home/icic/Desktop/part2/ASCON/imp_ASCON/src/imp_ASCON.vhd'
===============================================
|           Line           |  full/ parallel  |
===============================================
|           1302           |    auto/auto     |
===============================================

Statistics for case statements in always block at line 1338 in file
	'/home/icic/Desktop/part2/ASCON/imp_ASCON/src/imp_ASCON.vhd'
===============================================
|           Line           |  full/ parallel  |
===============================================
|           1338           |    auto/auto     |
===============================================

Inferred memory devices in process
	in routine CipherCore_Datapath_G_DBLK_SIZE64 line 1247 in file
		'/home/icic/Desktop/part2/ASCON/imp_ASCON/src/imp_ASCON.vhd'.
===============================================================================
|    Register Name    |   Type    | Width | Bus | MB | AR | AS | SR | SS | ST |
===============================================================================
|     reg_key_reg     | Flip-flop |  128  |  Y  | N  | N  | N  | N  | N  | N  |
|     ostate_reg      | Flip-flop |  320  |  Y  | N  | N  | N  | N  | N  | N  |
|       rc_reg        | Flip-flop |   8   |  Y  | N  | N  | N  | N  | N  | N  |
===============================================================================

Inferred memory devices in process
	in routine CipherCore_Datapath_G_DBLK_SIZE64 line 1282 in file
		'/home/icic/Desktop/part2/ASCON/imp_ASCON/src/imp_ASCON.vhd'.
================================================================================
|    Register Name     |   Type    | Width | Bus | MB | AR | AS | SR | SS | ST |
================================================================================
|   reg_npub_hi_reg    | Flip-flop |  64   |  Y  | N  | N  | N  | N  | N  | N  |
| msg_auth_valid_r_reg | Flip-flop |   1   |  N  | N  | N  | N  | N  | N  | N  |
================================================================================
Presto compilation completed successfully.
Information: Building the design 'CipherCore_Control' instantiated from design 'CipherCore_0_64_32_128_3_32' with
	the parameters "G_DBLK_SIZE=64,G_LBS_BYTES=3". (HDL-193)
Warning:  /home/icic/Desktop/part2/ASCON/imp_ASCON/src/imp_ASCON.vhd:1870: 'is_init_dat' is being read, but does not appear in the sensitivity list of the block. (ELAB-292)

Statistics for case statements in always block at line 1780 in file
	'/home/icic/Desktop/part2/ASCON/imp_ASCON/src/imp_ASCON.vhd'
===============================================
|           Line           |  full/ parallel  |
===============================================
|           1810           |    auto/auto     |
===============================================

Inferred memory devices in process
	in routine CipherCore_Control_G_DBLK_SIZE64_G_LBS_BYTES3 line 1726 in file
		'/home/icic/Desktop/part2/ASCON/imp_ASCON/src/imp_ASCON.vhd'.
===============================================================================
|    Register Name    |   Type    | Width | Bus | MB | AR | AS | SR | SS | ST |
===============================================================================
|   is_init_dat_reg   | Flip-flop |   1   |  N  | N  | N  | N  | N  | N  | N  |
|      round_reg      | Flip-flop |   4   |  Y  | N  | N  | N  | N  | N  | N  |
|   is_decrypt_reg    | Flip-flop |   1   |  N  | N  | N  | N  | N  | N  | N  |
|     rndcmp_reg      | Flip-flop |   4   |  Y  | N  | N  | N  | N  | N  | N  |
|      state_reg      | Flip-flop |   3   |  Y  | N  | N  | N  | N  | N  | N  |
|     is_tag_reg      | Flip-flop |   1   |  N  | N  | N  | N  | N  | N  | N  |
|   sel_key_lo_reg    | Flip-flop |   1   |  N  | N  | N  | N  | N  | N  | N  |
===============================================================================
Presto compilation completed successfully.
Information: Building the design 'ASCON_Round'. (HDL-193)
Presto compilation completed successfully.
Warning: Design 'imp_ASCON' has '1' unresolved references. For more detailed information, use the "link" command. (UID-341)
1
current_design $TOP                                           ;# Set design to 'highest' module level
Current design is 'imp_ASCON'.
{imp_ASCON}
link                                                          ;# Link to standard cell libraries

  Linking design 'imp_ASCON'
  Using the following designs and libraries:
  --------------------------------------------------------------------------
  * (11 designs)              /home/icic/Desktop/part2/ASCON/imp_ASCON.db, etc
  typical (library)           /home/icic/Desktop/part2/ASCON/imp_ASCON/db/tsmc90.db

Information: Building the design 'PostProcessor' instantiated from design 'AEAD_32_32_0_1_0_0_0_64_64_32_128_1_3_4_32' with
	the parameters "G_W=32,G_SW=32,G_ASYNC_RSTN=1'h0,G_CIPH_EXP=1'h0,G_REVERSE_CIPH=1'h0,G_MERGE_TAG=1'h0,G_DBLK_SIZE=64,G_TAG_SIZE=128,G_LBS_BYTES=3". (HDL-193)
Warning:  /home/icic/Desktop/part2/ASCON/imp_ASCON/src/imp_ASCON.vhd:2354: Potential simulation-synthesis mismatch if index exceeds size of array 'VBYTES_LOOKUP'. (ELAB-349)
Warning:  /home/icic/Desktop/part2/ASCON/imp_ASCON/src/imp_ASCON.vhd:2548: 'sgmt_type[3:2]' is being read, but does not appear in the sensitivity list of the block. (ELAB-292)

Statistics for case statements in always block at line 2466 in file
	'/home/icic/Desktop/part2/ASCON/imp_ASCON/src/imp_ASCON.vhd'
===============================================
|           Line           |  full/ parallel  |
===============================================
|           2493           |    auto/auto     |
===============================================
Error:  /home/icic/Desktop/part2/ASCON/imp_ASCON/src/imp_ASCON.vhd:2466: Net 'ld_ciph_exp_len', or a directly connected net, is driven by more than one source, and at least one source is a constant net. (ELAB-368)
*** Presto compilation terminated with 1 errors. ***
Warning: Unable to resolve reference 'PostProcessor' in 'AEAD_32_32_0_1_0_0_0_64_64_32_128_1_3_4_32'. (LINK-5)
0
uniquify                                                      ;# Uniquify
Information: Building the design 'PostProcessor' instantiated from design 'AEAD_32_32_0_1_0_0_0_64_64_32_128_1_3_4_32' with
	the parameters "G_W=32,G_SW=32,G_ASYNC_RSTN=1'h0,G_CIPH_EXP=1'h0,G_REVERSE_CIPH=1'h0,G_MERGE_TAG=1'h0,G_DBLK_SIZE=64,G_TAG_SIZE=128,G_LBS_BYTES=3". (HDL-193)
Warning:  /home/icic/Desktop/part2/ASCON/imp_ASCON/src/imp_ASCON.vhd:2354: Potential simulation-synthesis mismatch if index exceeds size of array 'VBYTES_LOOKUP'. (ELAB-349)
Warning:  /home/icic/Desktop/part2/ASCON/imp_ASCON/src/imp_ASCON.vhd:2548: 'sgmt_type[3:2]' is being read, but does not appear in the sensitivity list of the block. (ELAB-292)

Statistics for case statements in always block at line 2466 in file
	'/home/icic/Desktop/part2/ASCON/imp_ASCON/src/imp_ASCON.vhd'
===============================================
|           Line           |  full/ parallel  |
===============================================
|           2493           |    auto/auto     |
===============================================
Error:  /home/icic/Desktop/part2/ASCON/imp_ASCON/src/imp_ASCON.vhd:2466: Net 'ld_ciph_exp_len', or a directly connected net, is driven by more than one source, and at least one source is a constant net. (ELAB-368)
*** Presto compilation terminated with 1 errors. ***
Warning: Unable to resolve reference 'PostProcessor' in 'AEAD_32_32_0_1_0_0_0_64_64_32_128_1_3_4_32'. (LINK-5)
Warning: Design 'imp_ASCON' has '1' unresolved references. For more detailed information, use the "link" command. (UID-341)
Removing uniquified design 'Regis_datasize64'.
  Uniquified 2 instances of design 'Regis_datasize64'.
Information: Building the design 'PostProcessor' instantiated from design 'AEAD_32_32_0_1_0_0_0_64_64_32_128_1_3_4_32' with
	the parameters "G_W=32,G_SW=32,G_ASYNC_RSTN=1'h0,G_CIPH_EXP=1'h0,G_REVERSE_CIPH=1'h0,G_MERGE_TAG=1'h0,G_DBLK_SIZE=64,G_TAG_SIZE=128,G_LBS_BYTES=3". (HDL-193)
Warning:  /home/icic/Desktop/part2/ASCON/imp_ASCON/src/imp_ASCON.vhd:2354: Potential simulation-synthesis mismatch if index exceeds size of array 'VBYTES_LOOKUP'. (ELAB-349)
Warning:  /home/icic/Desktop/part2/ASCON/imp_ASCON/src/imp_ASCON.vhd:2548: 'sgmt_type[3:2]' is being read, but does not appear in the sensitivity list of the block. (ELAB-292)

Statistics for case statements in always block at line 2466 in file
	'/home/icic/Desktop/part2/ASCON/imp_ASCON/src/imp_ASCON.vhd'
===============================================
|           Line           |  full/ parallel  |
===============================================
|           2493           |    auto/auto     |
===============================================
Error:  /home/icic/Desktop/part2/ASCON/imp_ASCON/src/imp_ASCON.vhd:2466: Net 'ld_ciph_exp_len', or a directly connected net, is driven by more than one source, and at least one source is a constant net. (ELAB-368)
*** Presto compilation terminated with 1 errors. ***
1
if { $useUltra == 1 } {                                       ;# Now compile the design with given mapping effort 
    compile_ultra  -scan                                      ;# and do a second compile with incremental mapping
} else {                                                      ;# or use the compile_ultra meta-command
if { $useUngroup == 1 } {
    compile -ungroup_all -map_effort medium -scan
} else {
    compile -map_effort medium -exact_map -scan
}
}
Warning: Design 'imp_ASCON' has '1' unresolved references. For more detailed information, use the "link" command. (UID-341)
Information: Choosing a test methodology will restrict the optimization of sequential cells. (UIO-12)
Information: Evaluating DesignWare library utilization. (UISN-27)

============================================================================
| DesignWare Building Block Library       |      Version       | Available |
============================================================================
| Basic DW Building Blocks                | C-2009.06-DWBB_0912 |    *     |
| Licensed DW Building Blocks             |                    |           |
============================================================================


Information: There are 151 potential problems in your design. Please run 'check_design' for more information. (LINT-99)



  Beginning Pass 1 Mapping
  ------------------------
  Processing 'Regis_datasize128'
  Processing 'Regis_datasize64_0'
  Processing 'UP_COUNTER_datasize64'
  Processing 'fwft_fifo_24_2_0'
  Processing 'CipherCore_Control_G_DBLK_SIZE64_G_LBS_BYTES3'
Information: The register 'rndcmp_reg[0]' is a constant and will be removed. (OPT-1206)
  Processing 'ASCON_Round'
  Processing 'CipherCore_Datapath_G_DBLK_SIZE64'
  Processing 'CipherCore_0_64_32_128_3_32'
  Processing 'PreProcessor_32_32_0_1_0_0_0_64_64_32_3_1_3_4'
  Processing 'AEAD_32_32_0_1_0_0_0_64_64_32_128_1_3_4_32'
  Processing 'imp_ASCON'
Information: Building the design 'PostProcessor' instantiated from design 'AEAD_32_32_0_1_0_0_0_64_64_32_128_1_3_4_32' with
	the parameters "G_W=32,G_SW=32,G_ASYNC_RSTN=1'h0,G_CIPH_EXP=1'h0,G_REVERSE_CIPH=1'h0,G_MERGE_TAG=1'h0,G_DBLK_SIZE=64,G_TAG_SIZE=128,G_LBS_BYTES=3". (HDL-193)
Warning:  /home/icic/Desktop/part2/ASCON/imp_ASCON/src/imp_ASCON.vhd:2354: Potential simulation-synthesis mismatch if index exceeds size of array 'VBYTES_LOOKUP'. (ELAB-349)
Warning:  /home/icic/Desktop/part2/ASCON/imp_ASCON/src/imp_ASCON.vhd:2548: 'sgmt_type[3:2]' is being read, but does not appear in the sensitivity list of the block. (ELAB-292)

Statistics for case statements in always block at line 2466 in file
	'/home/icic/Desktop/part2/ASCON/imp_ASCON/src/imp_ASCON.vhd'
===============================================
|           Line           |  full/ parallel  |
===============================================
|           2493           |    auto/auto     |
===============================================
Error:  /home/icic/Desktop/part2/ASCON/imp_ASCON/src/imp_ASCON.vhd:2466: Net 'ld_ciph_exp_len', or a directly connected net, is driven by more than one source, and at least one source is a constant net. (ELAB-368)
*** Presto compilation terminated with 1 errors. ***
Warning: Unable to resolve reference 'PostProcessor' in 'AEAD_32_32_0_1_0_0_0_64_64_32_128_1_3_4_32'. (LINK-5)

  Updating timing information
Information: Updating design information... (UID-85)
Information: Design 'imp_ASCON' has no optimization constraints set. (OPT-108)
  Ungrouping instance 'Inst_AEAD' 
  Ungrouping instance 'Inst_counter' 
  Ungrouping instance 'Inst_RegIDt' 
  Ungrouping instance 'Inst_key' 
  Ungrouping instance 'Inst_AEAD/u_input' 
  Ungrouping instance 'Inst_AEAD/u_cc' 
  Ungrouping instance 'Inst_AEAD/u_hdr_buffer' 
  Ungrouping instance 'Inst_AEAD/u_cc/u_cc_dp' 
  Ungrouping instance 'Inst_AEAD/u_cc/u_cc_ctrl' 
  Ungrouping instance 'Inst_AEAD/u_cc/u_cc_dp/u_round' 
  Ungrouping instance 'Inst_REgIDst' 

  Beginning Implementation Selection
  ----------------------------------
Information: The register 'Inst_AEAD/u_input/sgmt_eoi_reg' will be removed. (OPT-1207)
Information: The register 'Inst_AEAD/u_input/bdi_eoi_reg' will be removed. (OPT-1207)
Information: The register 'Inst_key/do_reg[127]' will be removed. (OPT-1207)
Information: The register 'Inst_key/do_reg[126]' will be removed. (OPT-1207)
Information: The register 'Inst_key/do_reg[125]' will be removed. (OPT-1207)
Information: The register 'Inst_key/do_reg[124]' will be removed. (OPT-1207)
Information: The register 'Inst_key/do_reg[123]' will be removed. (OPT-1207)
Information: The register 'Inst_key/do_reg[122]' will be removed. (OPT-1207)
Information: The register 'Inst_key/do_reg[121]' will be removed. (OPT-1207)
Information: The register 'Inst_key/do_reg[120]' will be removed. (OPT-1207)
Information: The register 'Inst_key/do_reg[119]' will be removed. (OPT-1207)
Information: The register 'Inst_key/do_reg[118]' will be removed. (OPT-1207)
Information: The register 'Inst_key/do_reg[117]' will be removed. (OPT-1207)
Information: The register 'Inst_key/do_reg[116]' will be removed. (OPT-1207)
Information: The register 'Inst_key/do_reg[115]' will be removed. (OPT-1207)
Information: The register 'Inst_key/do_reg[114]' will be removed. (OPT-1207)
Information: The register 'Inst_key/do_reg[113]' will be removed. (OPT-1207)
Information: The register 'Inst_key/do_reg[112]' will be removed. (OPT-1207)
Information: The register 'Inst_key/do_reg[111]' will be removed. (OPT-1207)
Information: The register 'Inst_key/do_reg[110]' will be removed. (OPT-1207)
Information: The register 'Inst_key/do_reg[109]' will be removed. (OPT-1207)
Information: The register 'Inst_key/do_reg[108]' will be removed. (OPT-1207)
Information: The register 'Inst_key/do_reg[107]' will be removed. (OPT-1207)
Information: The register 'Inst_key/do_reg[106]' will be removed. (OPT-1207)
Information: The register 'Inst_key/do_reg[105]' will be removed. (OPT-1207)
Information: The register 'Inst_key/do_reg[104]' will be removed. (OPT-1207)
Information: The register 'Inst_key/do_reg[103]' will be removed. (OPT-1207)
Information: The register 'Inst_key/do_reg[102]' will be removed. (OPT-1207)
Information: The register 'Inst_key/do_reg[101]' will be removed. (OPT-1207)
Information: The register 'Inst_key/do_reg[100]' will be removed. (OPT-1207)
Information: The register 'Inst_key/do_reg[99]' will be removed. (OPT-1207)
Information: The register 'Inst_key/do_reg[98]' will be removed. (OPT-1207)
Information: The register 'Inst_key/do_reg[97]' will be removed. (OPT-1207)
Information: The register 'Inst_key/do_reg[96]' will be removed. (OPT-1207)
Information: The register 'Inst_key/do_reg[95]' will be removed. (OPT-1207)
Information: The register 'Inst_key/do_reg[94]' will be removed. (OPT-1207)
Information: The register 'Inst_key/do_reg[93]' will be removed. (OPT-1207)
Information: The register 'Inst_key/do_reg[92]' will be removed. (OPT-1207)
Information: The register 'Inst_key/do_reg[91]' will be removed. (OPT-1207)
Information: The register 'Inst_key/do_reg[90]' will be removed. (OPT-1207)
Information: The register 'Inst_key/do_reg[89]' will be removed. (OPT-1207)
Information: The register 'Inst_key/do_reg[88]' will be removed. (OPT-1207)
Information: The register 'Inst_key/do_reg[87]' will be removed. (OPT-1207)
Information: The register 'Inst_key/do_reg[86]' will be removed. (OPT-1207)
Information: The register 'Inst_key/do_reg[85]' will be removed. (OPT-1207)
Information: The register 'Inst_key/do_reg[84]' will be removed. (OPT-1207)
Information: The register 'Inst_key/do_reg[83]' will be removed. (OPT-1207)
Information: The register 'Inst_key/do_reg[82]' will be removed. (OPT-1207)
Information: The register 'Inst_key/do_reg[81]' will be removed. (OPT-1207)
Information: The register 'Inst_key/do_reg[80]' will be removed. (OPT-1207)
Information: The register 'Inst_key/do_reg[79]' will be removed. (OPT-1207)
Information: The register 'Inst_key/do_reg[78]' will be removed. (OPT-1207)
Information: The register 'Inst_key/do_reg[77]' will be removed. (OPT-1207)
Information: The register 'Inst_key/do_reg[76]' will be removed. (OPT-1207)
Information: The register 'Inst_key/do_reg[75]' will be removed. (OPT-1207)
Information: The register 'Inst_key/do_reg[74]' will be removed. (OPT-1207)
Information: The register 'Inst_key/do_reg[73]' will be removed. (OPT-1207)
Information: The register 'Inst_key/do_reg[72]' will be removed. (OPT-1207)
Information: The register 'Inst_key/do_reg[71]' will be removed. (OPT-1207)
Information: The register 'Inst_key/do_reg[70]' will be removed. (OPT-1207)
Information: The register 'Inst_key/do_reg[69]' will be removed. (OPT-1207)
Information: The register 'Inst_key/do_reg[68]' will be removed. (OPT-1207)
Information: The register 'Inst_key/do_reg[67]' will be removed. (OPT-1207)
Information: The register 'Inst_key/do_reg[66]' will be removed. (OPT-1207)
Information: The register 'Inst_key/do_reg[65]' will be removed. (OPT-1207)
Information: The register 'Inst_key/do_reg[64]' will be removed. (OPT-1207)
Information: The register 'Inst_key/do_reg[63]' will be removed. (OPT-1207)
Information: The register 'Inst_key/do_reg[62]' will be removed. (OPT-1207)
Information: The register 'Inst_key/do_reg[61]' will be removed. (OPT-1207)
Information: The register 'Inst_key/do_reg[60]' will be removed. (OPT-1207)
Information: The register 'Inst_key/do_reg[59]' will be removed. (OPT-1207)
Information: The register 'Inst_key/do_reg[58]' will be removed. (OPT-1207)
Information: The register 'Inst_key/do_reg[57]' will be removed. (OPT-1207)
Information: The register 'Inst_key/do_reg[56]' will be removed. (OPT-1207)
Information: The register 'Inst_key/do_reg[55]' will be removed. (OPT-1207)
Information: The register 'Inst_key/do_reg[54]' will be removed. (OPT-1207)
Information: The register 'Inst_key/do_reg[53]' will be removed. (OPT-1207)
Information: The register 'Inst_key/do_reg[52]' will be removed. (OPT-1207)
Information: The register 'Inst_key/do_reg[51]' will be removed. (OPT-1207)
Information: The register 'Inst_key/do_reg[50]' will be removed. (OPT-1207)
Information: The register 'Inst_key/do_reg[49]' will be removed. (OPT-1207)
Information: The register 'Inst_key/do_reg[48]' will be removed. (OPT-1207)
Information: The register 'Inst_key/do_reg[47]' will be removed. (OPT-1207)
Information: The register 'Inst_key/do_reg[46]' will be removed. (OPT-1207)
Information: The register 'Inst_key/do_reg[45]' will be removed. (OPT-1207)
Information: The register 'Inst_key/do_reg[44]' will be removed. (OPT-1207)
Information: The register 'Inst_key/do_reg[43]' will be removed. (OPT-1207)
Information: The register 'Inst_key/do_reg[42]' will be removed. (OPT-1207)
Information: The register 'Inst_key/do_reg[41]' will be removed. (OPT-1207)
Information: The register 'Inst_key/do_reg[40]' will be removed. (OPT-1207)
Information: The register 'Inst_key/do_reg[39]' will be removed. (OPT-1207)
Information: The register 'Inst_key/do_reg[38]' will be removed. (OPT-1207)
Information: The register 'Inst_key/do_reg[37]' will be removed. (OPT-1207)
Information: The register 'Inst_key/do_reg[36]' will be removed. (OPT-1207)
Information: The register 'Inst_key/do_reg[35]' will be removed. (OPT-1207)
Information: The register 'Inst_key/do_reg[34]' will be removed. (OPT-1207)
Information: The register 'Inst_key/do_reg[33]' will be removed. (OPT-1207)
Information: The register 'Inst_key/do_reg[32]' will be removed. (OPT-1207)
Information: The register 'Inst_key/do_reg[31]' will be removed. (OPT-1207)
Information: The register 'Inst_key/do_reg[30]' will be removed. (OPT-1207)
Information: The register 'Inst_key/do_reg[29]' will be removed. (OPT-1207)
Information: The register 'Inst_key/do_reg[28]' will be removed. (OPT-1207)
Information: The register 'Inst_key/do_reg[27]' will be removed. (OPT-1207)
Information: The register 'Inst_key/do_reg[26]' will be removed. (OPT-1207)
Information: The register 'Inst_key/do_reg[25]' will be removed. (OPT-1207)
Information: The register 'Inst_key/do_reg[24]' will be removed. (OPT-1207)
Information: The register 'Inst_key/do_reg[23]' will be removed. (OPT-1207)
Information: The register 'Inst_key/do_reg[22]' will be removed. (OPT-1207)
Information: The register 'Inst_key/do_reg[21]' will be removed. (OPT-1207)
Information: The register 'Inst_key/do_reg[20]' will be removed. (OPT-1207)
Information: The register 'Inst_key/do_reg[19]' will be removed. (OPT-1207)
Information: The register 'Inst_key/do_reg[18]' will be removed. (OPT-1207)
Information: The register 'Inst_key/do_reg[17]' will be removed. (OPT-1207)
Information: The register 'Inst_key/do_reg[16]' will be removed. (OPT-1207)
Information: The register 'Inst_key/do_reg[15]' will be removed. (OPT-1207)
Information: The register 'Inst_key/do_reg[14]' will be removed. (OPT-1207)
Information: The register 'Inst_key/do_reg[13]' will be removed. (OPT-1207)
Information: The register 'Inst_key/do_reg[12]' will be removed. (OPT-1207)
Information: The register 'Inst_key/do_reg[11]' will be removed. (OPT-1207)
Information: The register 'Inst_key/do_reg[10]' will be removed. (OPT-1207)
Information: The register 'Inst_key/do_reg[9]' will be removed. (OPT-1207)
Information: The register 'Inst_key/do_reg[8]' will be removed. (OPT-1207)
Information: The register 'Inst_key/do_reg[7]' will be removed. (OPT-1207)
Information: The register 'Inst_key/do_reg[6]' will be removed. (OPT-1207)
Information: The register 'Inst_key/do_reg[5]' will be removed. (OPT-1207)
Information: The register 'Inst_key/do_reg[4]' will be removed. (OPT-1207)
Information: The register 'Inst_key/do_reg[3]' will be removed. (OPT-1207)
Information: The register 'Inst_key/do_reg[2]' will be removed. (OPT-1207)
Information: The register 'Inst_key/do_reg[1]' will be removed. (OPT-1207)
Information: The register 'Inst_key/do_reg[0]' will be removed. (OPT-1207)
  Processing 'DW01_cmp6_width64'
  Processing 'DW01_cmp6_width16'
  Processing 'DW01_sub_width16'
  Processing 'DW01_sub_width7'
  Processing 'DW01_inc_width64'

  Beginning Mapping Optimizations  (Medium effort)
  -------------------------------
  Structuring 'imp_ASCON'
  Mapping 'imp_ASCON'

   ELAPSED            WORST NEG TOTAL NEG  DESIGN                            
    TIME      AREA      SLACK     SLACK   RULE COST         ENDPOINT         
  --------- --------- --------- --------- --------- -------------------------
    0:00:28   55098.9      0.00       0.0       8.8                          
    0:00:31   42453.1      0.00       0.0       8.8                          
    0:00:31   42453.1      0.00       0.0       8.8                          
    0:00:31   42453.1      0.00       0.0       8.8                          
    0:00:31   42453.1      0.00       0.0       8.8                          
    0:00:31   42453.1      0.00       0.0       8.8                          
    0:00:31   42458.8      0.00       0.0       7.7                          
    0:00:31   42460.2      0.00       0.0       7.3                          
    0:00:31   42460.2      0.00       0.0       7.3                          
    0:00:31   42460.2      0.00       0.0       7.3                          
    0:00:31   42460.2      0.00       0.0       7.3                          



  Beginning Delay Optimization Phase
  ----------------------------------

   ELAPSED            WORST NEG TOTAL NEG  DESIGN                            
    TIME      AREA      SLACK     SLACK   RULE COST         ENDPOINT         
  --------- --------- --------- --------- --------- -------------------------
    0:00:31   42460.2      0.00       0.0       7.3                          


  Beginning Design Rule Fixing  (max_transition)  (max_capacitance)
  ----------------------------

   ELAPSED            WORST NEG TOTAL NEG  DESIGN                            
    TIME      AREA      SLACK     SLACK   RULE COST         ENDPOINT         
  --------- --------- --------- --------- --------- -------------------------
    0:00:32   42460.2      0.00       0.0       7.3                          
    0:00:32   42479.2      0.00       0.0       0.0                          


  Beginning Area-Recovery Phase  (cleanup)
  -----------------------------

   ELAPSED            WORST NEG TOTAL NEG  DESIGN                            
    TIME      AREA      SLACK     SLACK   RULE COST         ENDPOINT         
  --------- --------- --------- --------- --------- -------------------------
    0:00:32   42479.2      0.00       0.0       0.0                          
    0:00:32   42479.2      0.00       0.0       0.0                          
    0:00:33   42189.2      0.00       0.0       0.0                          
    0:00:33   42179.4      0.00       0.0       0.0                          
    0:00:33   42175.1      0.00       0.0       0.0                          
    0:00:33   42171.6      0.00       0.0       0.0                          
    0:00:33   42167.4      0.00       0.0       0.0                          
    0:00:33   42167.4      0.00       0.0       0.0                          
    0:00:33   42167.4      0.00       0.0       0.0                          
    0:00:33   42167.4      0.00       0.0       0.0                          
    0:00:33   42167.4      0.00       0.0       0.0                          
    0:00:33   42167.4      0.00       0.0       0.0                          
    0:00:33   42167.4      0.00       0.0       0.0                          
    0:00:33   42167.4      0.00       0.0       0.0                          
Loading db file '/home/icic/Desktop/part2/ASCON/imp_ASCON/db/tsmc90.db'

  Optimization Complete
  ---------------------
1
check_design
Information: Building the design 'PostProcessor' instantiated from design 'imp_ASCON' with
	the parameters "G_W=32,G_SW=32,G_ASYNC_RSTN=1'h0,G_CIPH_EXP=1'h0,G_REVERSE_CIPH=1'h0,G_MERGE_TAG=1'h0,G_DBLK_SIZE=64,G_TAG_SIZE=128,G_LBS_BYTES=3". (HDL-193)
Warning:  /home/icic/Desktop/part2/ASCON/imp_ASCON/src/imp_ASCON.vhd:2354: Potential simulation-synthesis mismatch if index exceeds size of array 'VBYTES_LOOKUP'. (ELAB-349)
Warning:  /home/icic/Desktop/part2/ASCON/imp_ASCON/src/imp_ASCON.vhd:2548: 'sgmt_type[3:2]' is being read, but does not appear in the sensitivity list of the block. (ELAB-292)

Statistics for case statements in always block at line 2466 in file
	'/home/icic/Desktop/part2/ASCON/imp_ASCON/src/imp_ASCON.vhd'
===============================================
|           Line           |  full/ parallel  |
===============================================
|           2493           |    auto/auto     |
===============================================
Error:  /home/icic/Desktop/part2/ASCON/imp_ASCON/src/imp_ASCON.vhd:2466: Net 'ld_ciph_exp_len', or a directly connected net, is driven by more than one source, and at least one source is a constant net. (ELAB-368)
*** Presto compilation terminated with 1 errors. ***
Warning: Unable to resolve reference 'PostProcessor' in 'imp_ASCON'. (LINK-5)
Warning: In design 'imp_ASCON', port 'roundsel' is not connected to any nets. (LINT-28)
Warning: In design 'imp_ASCON', input port 'key[127]' is unloaded. (LINT-8)
Warning: In design 'imp_ASCON', input port 'key[126]' is unloaded. (LINT-8)
Warning: In design 'imp_ASCON', input port 'key[125]' is unloaded. (LINT-8)
Warning: In design 'imp_ASCON', input port 'key[124]' is unloaded. (LINT-8)
Warning: In design 'imp_ASCON', input port 'key[123]' is unloaded. (LINT-8)
Warning: In design 'imp_ASCON', input port 'key[122]' is unloaded. (LINT-8)
Warning: In design 'imp_ASCON', input port 'key[121]' is unloaded. (LINT-8)
Warning: In design 'imp_ASCON', input port 'key[120]' is unloaded. (LINT-8)
Warning: In design 'imp_ASCON', input port 'key[119]' is unloaded. (LINT-8)
Warning: In design 'imp_ASCON', input port 'key[118]' is unloaded. (LINT-8)
Warning: In design 'imp_ASCON', input port 'key[117]' is unloaded. (LINT-8)
Warning: In design 'imp_ASCON', input port 'key[116]' is unloaded. (LINT-8)
Warning: In design 'imp_ASCON', input port 'key[115]' is unloaded. (LINT-8)
Warning: In design 'imp_ASCON', input port 'key[114]' is unloaded. (LINT-8)
Warning: In design 'imp_ASCON', input port 'key[113]' is unloaded. (LINT-8)
Warning: In design 'imp_ASCON', input port 'key[112]' is unloaded. (LINT-8)
Warning: In design 'imp_ASCON', input port 'key[111]' is unloaded. (LINT-8)
Warning: In design 'imp_ASCON', input port 'key[110]' is unloaded. (LINT-8)
Warning: In design 'imp_ASCON', input port 'key[109]' is unloaded. (LINT-8)
Warning: In design 'imp_ASCON', input port 'key[108]' is unloaded. (LINT-8)
Warning: In design 'imp_ASCON', input port 'key[107]' is unloaded. (LINT-8)
Warning: In design 'imp_ASCON', input port 'key[106]' is unloaded. (LINT-8)
Warning: In design 'imp_ASCON', input port 'key[105]' is unloaded. (LINT-8)
Warning: In design 'imp_ASCON', input port 'key[104]' is unloaded. (LINT-8)
Warning: In design 'imp_ASCON', input port 'key[103]' is unloaded. (LINT-8)
Warning: In design 'imp_ASCON', input port 'key[102]' is unloaded. (LINT-8)
Warning: In design 'imp_ASCON', input port 'key[101]' is unloaded. (LINT-8)
Warning: In design 'imp_ASCON', input port 'key[100]' is unloaded. (LINT-8)
Warning: In design 'imp_ASCON', input port 'key[99]' is unloaded. (LINT-8)
Warning: In design 'imp_ASCON', input port 'key[98]' is unloaded. (LINT-8)
Warning: In design 'imp_ASCON', input port 'key[97]' is unloaded. (LINT-8)
Warning: In design 'imp_ASCON', input port 'key[96]' is unloaded. (LINT-8)
Warning: In design 'imp_ASCON', input port 'key[95]' is unloaded. (LINT-8)
Warning: In design 'imp_ASCON', input port 'key[94]' is unloaded. (LINT-8)
Warning: In design 'imp_ASCON', input port 'key[93]' is unloaded. (LINT-8)
Warning: In design 'imp_ASCON', input port 'key[92]' is unloaded. (LINT-8)
Warning: In design 'imp_ASCON', input port 'key[91]' is unloaded. (LINT-8)
Warning: In design 'imp_ASCON', input port 'key[90]' is unloaded. (LINT-8)
Warning: In design 'imp_ASCON', input port 'key[89]' is unloaded. (LINT-8)
Warning: In design 'imp_ASCON', input port 'key[88]' is unloaded. (LINT-8)
Warning: In design 'imp_ASCON', input port 'key[87]' is unloaded. (LINT-8)
Warning: In design 'imp_ASCON', input port 'key[86]' is unloaded. (LINT-8)
Warning: In design 'imp_ASCON', input port 'key[85]' is unloaded. (LINT-8)
Warning: In design 'imp_ASCON', input port 'key[84]' is unloaded. (LINT-8)
Warning: In design 'imp_ASCON', input port 'key[83]' is unloaded. (LINT-8)
Warning: In design 'imp_ASCON', input port 'key[82]' is unloaded. (LINT-8)
Warning: In design 'imp_ASCON', input port 'key[81]' is unloaded. (LINT-8)
Warning: In design 'imp_ASCON', input port 'key[80]' is unloaded. (LINT-8)
Warning: In design 'imp_ASCON', input port 'key[79]' is unloaded. (LINT-8)
Warning: In design 'imp_ASCON', input port 'key[78]' is unloaded. (LINT-8)
Warning: In design 'imp_ASCON', input port 'key[77]' is unloaded. (LINT-8)
Warning: In design 'imp_ASCON', input port 'key[76]' is unloaded. (LINT-8)
Warning: In design 'imp_ASCON', input port 'key[75]' is unloaded. (LINT-8)
Warning: In design 'imp_ASCON', input port 'key[74]' is unloaded. (LINT-8)
Warning: In design 'imp_ASCON', input port 'key[73]' is unloaded. (LINT-8)
Warning: In design 'imp_ASCON', input port 'key[72]' is unloaded. (LINT-8)
Warning: In design 'imp_ASCON', input port 'key[71]' is unloaded. (LINT-8)
Warning: In design 'imp_ASCON', input port 'key[70]' is unloaded. (LINT-8)
Warning: In design 'imp_ASCON', input port 'key[69]' is unloaded. (LINT-8)
Warning: In design 'imp_ASCON', input port 'key[68]' is unloaded. (LINT-8)
Warning: In design 'imp_ASCON', input port 'key[67]' is unloaded. (LINT-8)
Warning: In design 'imp_ASCON', input port 'key[66]' is unloaded. (LINT-8)
Warning: In design 'imp_ASCON', input port 'key[65]' is unloaded. (LINT-8)
Warning: In design 'imp_ASCON', input port 'key[64]' is unloaded. (LINT-8)
Warning: In design 'imp_ASCON', input port 'key[63]' is unloaded. (LINT-8)
Warning: In design 'imp_ASCON', input port 'key[62]' is unloaded. (LINT-8)
Warning: In design 'imp_ASCON', input port 'key[61]' is unloaded. (LINT-8)
Warning: In design 'imp_ASCON', input port 'key[60]' is unloaded. (LINT-8)
Warning: In design 'imp_ASCON', input port 'key[59]' is unloaded. (LINT-8)
Warning: In design 'imp_ASCON', input port 'key[58]' is unloaded. (LINT-8)
Warning: In design 'imp_ASCON', input port 'key[57]' is unloaded. (LINT-8)
Warning: In design 'imp_ASCON', input port 'key[56]' is unloaded. (LINT-8)
Warning: In design 'imp_ASCON', input port 'key[55]' is unloaded. (LINT-8)
Warning: In design 'imp_ASCON', input port 'key[54]' is unloaded. (LINT-8)
Warning: In design 'imp_ASCON', input port 'key[53]' is unloaded. (LINT-8)
Warning: In design 'imp_ASCON', input port 'key[52]' is unloaded. (LINT-8)
Warning: In design 'imp_ASCON', input port 'key[51]' is unloaded. (LINT-8)
Warning: In design 'imp_ASCON', input port 'key[50]' is unloaded. (LINT-8)
Warning: In design 'imp_ASCON', input port 'key[49]' is unloaded. (LINT-8)
Warning: In design 'imp_ASCON', input port 'key[48]' is unloaded. (LINT-8)
Warning: In design 'imp_ASCON', input port 'key[47]' is unloaded. (LINT-8)
Warning: In design 'imp_ASCON', input port 'key[46]' is unloaded. (LINT-8)
Warning: In design 'imp_ASCON', input port 'key[45]' is unloaded. (LINT-8)
Warning: In design 'imp_ASCON', input port 'key[44]' is unloaded. (LINT-8)
Warning: In design 'imp_ASCON', input port 'key[43]' is unloaded. (LINT-8)
Warning: In design 'imp_ASCON', input port 'key[42]' is unloaded. (LINT-8)
Warning: In design 'imp_ASCON', input port 'key[41]' is unloaded. (LINT-8)
Warning: In design 'imp_ASCON', input port 'key[40]' is unloaded. (LINT-8)
Warning: In design 'imp_ASCON', input port 'key[39]' is unloaded. (LINT-8)
Warning: In design 'imp_ASCON', input port 'key[38]' is unloaded. (LINT-8)
Warning: In design 'imp_ASCON', input port 'key[37]' is unloaded. (LINT-8)
Warning: In design 'imp_ASCON', input port 'key[36]' is unloaded. (LINT-8)
Warning: In design 'imp_ASCON', input port 'key[35]' is unloaded. (LINT-8)
Warning: In design 'imp_ASCON', input port 'key[34]' is unloaded. (LINT-8)
Warning: In design 'imp_ASCON', input port 'key[33]' is unloaded. (LINT-8)
Warning: In design 'imp_ASCON', input port 'key[32]' is unloaded. (LINT-8)
Warning: In design 'imp_ASCON', input port 'key[31]' is unloaded. (LINT-8)
Warning: In design 'imp_ASCON', input port 'key[30]' is unloaded. (LINT-8)
Warning: In design 'imp_ASCON', input port 'key[29]' is unloaded. (LINT-8)
Warning: In design 'imp_ASCON', input port 'key[28]' is unloaded. (LINT-8)
Warning: In design 'imp_ASCON', input port 'key[27]' is unloaded. (LINT-8)
Warning: In design 'imp_ASCON', input port 'key[26]' is unloaded. (LINT-8)
Warning: In design 'imp_ASCON', input port 'key[25]' is unloaded. (LINT-8)
Warning: In design 'imp_ASCON', input port 'key[24]' is unloaded. (LINT-8)
Warning: In design 'imp_ASCON', input port 'key[23]' is unloaded. (LINT-8)
Warning: In design 'imp_ASCON', input port 'key[22]' is unloaded. (LINT-8)
Warning: In design 'imp_ASCON', input port 'key[21]' is unloaded. (LINT-8)
Warning: In design 'imp_ASCON', input port 'key[20]' is unloaded. (LINT-8)
Warning: In design 'imp_ASCON', input port 'key[19]' is unloaded. (LINT-8)
Warning: In design 'imp_ASCON', input port 'key[18]' is unloaded. (LINT-8)
Warning: In design 'imp_ASCON', input port 'key[17]' is unloaded. (LINT-8)
Warning: In design 'imp_ASCON', input port 'key[16]' is unloaded. (LINT-8)
Warning: In design 'imp_ASCON', input port 'key[15]' is unloaded. (LINT-8)
Warning: In design 'imp_ASCON', input port 'key[14]' is unloaded. (LINT-8)
Warning: In design 'imp_ASCON', input port 'key[13]' is unloaded. (LINT-8)
Warning: In design 'imp_ASCON', input port 'key[12]' is unloaded. (LINT-8)
Warning: In design 'imp_ASCON', input port 'key[11]' is unloaded. (LINT-8)
Warning: In design 'imp_ASCON', input port 'key[10]' is unloaded. (LINT-8)
Warning: In design 'imp_ASCON', input port 'key[9]' is unloaded. (LINT-8)
Warning: In design 'imp_ASCON', input port 'key[8]' is unloaded. (LINT-8)
Warning: In design 'imp_ASCON', input port 'key[7]' is unloaded. (LINT-8)
Warning: In design 'imp_ASCON', input port 'key[6]' is unloaded. (LINT-8)
Warning: In design 'imp_ASCON', input port 'key[5]' is unloaded. (LINT-8)
Warning: In design 'imp_ASCON', input port 'key[4]' is unloaded. (LINT-8)
Warning: In design 'imp_ASCON', input port 'key[3]' is unloaded. (LINT-8)
Warning: In design 'imp_ASCON', input port 'key[2]' is unloaded. (LINT-8)
Warning: In design 'imp_ASCON', input port 'key[1]' is unloaded. (LINT-8)
Warning: In design 'imp_ASCON', input port 'key[0]' is unloaded. (LINT-8)
Warning: In design 'imp_ASCON', port 'rand_out[63]' is not connected to any nets. (LINT-28)
Warning: In design 'imp_ASCON', port 'rand_out[62]' is not connected to any nets. (LINT-28)
Warning: In design 'imp_ASCON', port 'rand_out[61]' is not connected to any nets. (LINT-28)
Warning: In design 'imp_ASCON', port 'rand_out[60]' is not connected to any nets. (LINT-28)
Warning: In design 'imp_ASCON', port 'rand_out[59]' is not connected to any nets. (LINT-28)
Warning: In design 'imp_ASCON', port 'rand_out[58]' is not connected to any nets. (LINT-28)
Warning: In design 'imp_ASCON', port 'rand_out[57]' is not connected to any nets. (LINT-28)
Warning: In design 'imp_ASCON', port 'rand_out[56]' is not connected to any nets. (LINT-28)
Warning: In design 'imp_ASCON', port 'rand_out[55]' is not connected to any nets. (LINT-28)
Warning: In design 'imp_ASCON', port 'rand_out[54]' is not connected to any nets. (LINT-28)
Warning: In design 'imp_ASCON', port 'rand_out[53]' is not connected to any nets. (LINT-28)
Warning: In design 'imp_ASCON', port 'rand_out[52]' is not connected to any nets. (LINT-28)
Warning: In design 'imp_ASCON', port 'rand_out[51]' is not connected to any nets. (LINT-28)
Warning: In design 'imp_ASCON', port 'rand_out[50]' is not connected to any nets. (LINT-28)
Warning: In design 'imp_ASCON', port 'rand_out[49]' is not connected to any nets. (LINT-28)
Warning: In design 'imp_ASCON', port 'rand_out[48]' is not connected to any nets. (LINT-28)
Warning: In design 'imp_ASCON', port 'rand_out[47]' is not connected to any nets. (LINT-28)
Warning: In design 'imp_ASCON', port 'rand_out[46]' is not connected to any nets. (LINT-28)
Warning: In design 'imp_ASCON', port 'rand_out[45]' is not connected to any nets. (LINT-28)
Warning: In design 'imp_ASCON', port 'rand_out[44]' is not connected to any nets. (LINT-28)
Warning: In design 'imp_ASCON', port 'rand_out[43]' is not connected to any nets. (LINT-28)
Warning: In design 'imp_ASCON', port 'rand_out[42]' is not connected to any nets. (LINT-28)
Warning: In design 'imp_ASCON', port 'rand_out[41]' is not connected to any nets. (LINT-28)
Warning: In design 'imp_ASCON', port 'rand_out[40]' is not connected to any nets. (LINT-28)
Warning: In design 'imp_ASCON', port 'rand_out[39]' is not connected to any nets. (LINT-28)
Warning: In design 'imp_ASCON', port 'rand_out[38]' is not connected to any nets. (LINT-28)
Warning: In design 'imp_ASCON', port 'rand_out[37]' is not connected to any nets. (LINT-28)
Warning: In design 'imp_ASCON', port 'rand_out[36]' is not connected to any nets. (LINT-28)
Warning: In design 'imp_ASCON', port 'rand_out[35]' is not connected to any nets. (LINT-28)
Warning: In design 'imp_ASCON', port 'rand_out[34]' is not connected to any nets. (LINT-28)
Warning: In design 'imp_ASCON', port 'rand_out[33]' is not connected to any nets. (LINT-28)
Warning: In design 'imp_ASCON', port 'rand_out[32]' is not connected to any nets. (LINT-28)
Warning: In design 'imp_ASCON', port 'rand_out[31]' is not connected to any nets. (LINT-28)
Warning: In design 'imp_ASCON', port 'rand_out[30]' is not connected to any nets. (LINT-28)
Warning: In design 'imp_ASCON', port 'rand_out[29]' is not connected to any nets. (LINT-28)
Warning: In design 'imp_ASCON', port 'rand_out[28]' is not connected to any nets. (LINT-28)
Warning: In design 'imp_ASCON', port 'rand_out[27]' is not connected to any nets. (LINT-28)
Warning: In design 'imp_ASCON', port 'rand_out[26]' is not connected to any nets. (LINT-28)
Warning: In design 'imp_ASCON', port 'rand_out[25]' is not connected to any nets. (LINT-28)
Warning: In design 'imp_ASCON', port 'rand_out[24]' is not connected to any nets. (LINT-28)
Warning: In design 'imp_ASCON', port 'rand_out[23]' is not connected to any nets. (LINT-28)
Warning: In design 'imp_ASCON', port 'rand_out[22]' is not connected to any nets. (LINT-28)
Warning: In design 'imp_ASCON', port 'rand_out[21]' is not connected to any nets. (LINT-28)
Warning: In design 'imp_ASCON', port 'rand_out[20]' is not connected to any nets. (LINT-28)
Warning: In design 'imp_ASCON', port 'rand_out[19]' is not connected to any nets. (LINT-28)
Warning: In design 'imp_ASCON', port 'rand_out[18]' is not connected to any nets. (LINT-28)
Warning: In design 'imp_ASCON', port 'rand_out[17]' is not connected to any nets. (LINT-28)
Warning: In design 'imp_ASCON', port 'rand_out[16]' is not connected to any nets. (LINT-28)
Warning: In design 'imp_ASCON', port 'rand_out[15]' is not connected to any nets. (LINT-28)
Warning: In design 'imp_ASCON', port 'rand_out[14]' is not connected to any nets. (LINT-28)
Warning: In design 'imp_ASCON', port 'rand_out[13]' is not connected to any nets. (LINT-28)
Warning: In design 'imp_ASCON', port 'rand_out[12]' is not connected to any nets. (LINT-28)
Warning: In design 'imp_ASCON', port 'rand_out[11]' is not connected to any nets. (LINT-28)
Warning: In design 'imp_ASCON', port 'rand_out[10]' is not connected to any nets. (LINT-28)
Warning: In design 'imp_ASCON', port 'rand_out[9]' is not connected to any nets. (LINT-28)
Warning: In design 'imp_ASCON', port 'rand_out[8]' is not connected to any nets. (LINT-28)
Warning: In design 'imp_ASCON', port 'rand_out[7]' is not connected to any nets. (LINT-28)
Warning: In design 'imp_ASCON', port 'rand_out[6]' is not connected to any nets. (LINT-28)
Warning: In design 'imp_ASCON', port 'rand_out[5]' is not connected to any nets. (LINT-28)
Warning: In design 'imp_ASCON', port 'rand_out[4]' is not connected to any nets. (LINT-28)
Warning: In design 'imp_ASCON', port 'rand_out[3]' is not connected to any nets. (LINT-28)
Warning: In design 'imp_ASCON', port 'rand_out[2]' is not connected to any nets. (LINT-28)
Warning: In design 'imp_ASCON', port 'rand_out[1]' is not connected to any nets. (LINT-28)
Warning: In design 'imp_ASCON', port 'rand_out[0]' is not connected to any nets. (LINT-28)
Warning: In design 'imp_ASCON', net 'Inst_AEAD/u_cc/u_cc_dp/rc[6]' driven by pin 'Inst_AEAD/u_cc/u_cc_dp/rc_reg[6]/Q' has no loads. (LINT-2)
Warning: In design 'imp_ASCON', net 'Inst_AEAD/u_input/slen[1]' driven by pin 'Inst_AEAD/u_input/slen_reg[1]/Q' has no loads. (LINT-2)
Warning: In design 'imp_ASCON', net 'key[0]' driven by pin 'key[0]' has no loads. (LINT-2)
Warning: In design 'imp_ASCON', net 'key[1]' driven by pin 'key[1]' has no loads. (LINT-2)
Warning: In design 'imp_ASCON', net 'key[2]' driven by pin 'key[2]' has no loads. (LINT-2)
Warning: In design 'imp_ASCON', net 'key[3]' driven by pin 'key[3]' has no loads. (LINT-2)
Warning: In design 'imp_ASCON', net 'key[4]' driven by pin 'key[4]' has no loads. (LINT-2)
Warning: In design 'imp_ASCON', net 'key[5]' driven by pin 'key[5]' has no loads. (LINT-2)
Warning: In design 'imp_ASCON', net 'key[6]' driven by pin 'key[6]' has no loads. (LINT-2)
Warning: In design 'imp_ASCON', net 'key[7]' driven by pin 'key[7]' has no loads. (LINT-2)
Warning: In design 'imp_ASCON', net 'key[8]' driven by pin 'key[8]' has no loads. (LINT-2)
Warning: In design 'imp_ASCON', net 'key[9]' driven by pin 'key[9]' has no loads. (LINT-2)
Warning: In design 'imp_ASCON', net 'key[10]' driven by pin 'key[10]' has no loads. (LINT-2)
Warning: In design 'imp_ASCON', net 'key[11]' driven by pin 'key[11]' has no loads. (LINT-2)
Warning: In design 'imp_ASCON', net 'key[12]' driven by pin 'key[12]' has no loads. (LINT-2)
Warning: In design 'imp_ASCON', net 'key[13]' driven by pin 'key[13]' has no loads. (LINT-2)
Warning: In design 'imp_ASCON', net 'key[14]' driven by pin 'key[14]' has no loads. (LINT-2)
Warning: In design 'imp_ASCON', net 'key[15]' driven by pin 'key[15]' has no loads. (LINT-2)
Warning: In design 'imp_ASCON', net 'key[16]' driven by pin 'key[16]' has no loads. (LINT-2)
Warning: In design 'imp_ASCON', net 'key[17]' driven by pin 'key[17]' has no loads. (LINT-2)
Warning: In design 'imp_ASCON', net 'key[18]' driven by pin 'key[18]' has no loads. (LINT-2)
Warning: In design 'imp_ASCON', net 'key[19]' driven by pin 'key[19]' has no loads. (LINT-2)
Warning: In design 'imp_ASCON', net 'key[20]' driven by pin 'key[20]' has no loads. (LINT-2)
Warning: In design 'imp_ASCON', net 'key[21]' driven by pin 'key[21]' has no loads. (LINT-2)
Warning: In design 'imp_ASCON', net 'key[22]' driven by pin 'key[22]' has no loads. (LINT-2)
Warning: In design 'imp_ASCON', net 'key[23]' driven by pin 'key[23]' has no loads. (LINT-2)
Warning: In design 'imp_ASCON', net 'key[24]' driven by pin 'key[24]' has no loads. (LINT-2)
Warning: In design 'imp_ASCON', net 'key[25]' driven by pin 'key[25]' has no loads. (LINT-2)
Warning: In design 'imp_ASCON', net 'key[26]' driven by pin 'key[26]' has no loads. (LINT-2)
Warning: In design 'imp_ASCON', net 'key[27]' driven by pin 'key[27]' has no loads. (LINT-2)
Warning: In design 'imp_ASCON', net 'key[28]' driven by pin 'key[28]' has no loads. (LINT-2)
Warning: In design 'imp_ASCON', net 'key[29]' driven by pin 'key[29]' has no loads. (LINT-2)
Warning: In design 'imp_ASCON', net 'key[30]' driven by pin 'key[30]' has no loads. (LINT-2)
Warning: In design 'imp_ASCON', net 'key[31]' driven by pin 'key[31]' has no loads. (LINT-2)
Warning: In design 'imp_ASCON', net 'key[32]' driven by pin 'key[32]' has no loads. (LINT-2)
Warning: In design 'imp_ASCON', net 'key[33]' driven by pin 'key[33]' has no loads. (LINT-2)
Warning: In design 'imp_ASCON', net 'key[34]' driven by pin 'key[34]' has no loads. (LINT-2)
Warning: In design 'imp_ASCON', net 'key[35]' driven by pin 'key[35]' has no loads. (LINT-2)
Warning: In design 'imp_ASCON', net 'key[36]' driven by pin 'key[36]' has no loads. (LINT-2)
Warning: In design 'imp_ASCON', net 'key[37]' driven by pin 'key[37]' has no loads. (LINT-2)
Warning: In design 'imp_ASCON', net 'key[38]' driven by pin 'key[38]' has no loads. (LINT-2)
Warning: In design 'imp_ASCON', net 'key[39]' driven by pin 'key[39]' has no loads. (LINT-2)
Warning: In design 'imp_ASCON', net 'key[40]' driven by pin 'key[40]' has no loads. (LINT-2)
Warning: In design 'imp_ASCON', net 'key[41]' driven by pin 'key[41]' has no loads. (LINT-2)
Warning: In design 'imp_ASCON', net 'key[42]' driven by pin 'key[42]' has no loads. (LINT-2)
Warning: In design 'imp_ASCON', net 'key[43]' driven by pin 'key[43]' has no loads. (LINT-2)
Warning: In design 'imp_ASCON', net 'key[44]' driven by pin 'key[44]' has no loads. (LINT-2)
Warning: In design 'imp_ASCON', net 'key[45]' driven by pin 'key[45]' has no loads. (LINT-2)
Warning: In design 'imp_ASCON', net 'key[46]' driven by pin 'key[46]' has no loads. (LINT-2)
Warning: In design 'imp_ASCON', net 'key[47]' driven by pin 'key[47]' has no loads. (LINT-2)
Warning: In design 'imp_ASCON', net 'key[48]' driven by pin 'key[48]' has no loads. (LINT-2)
Warning: In design 'imp_ASCON', net 'key[49]' driven by pin 'key[49]' has no loads. (LINT-2)
Warning: In design 'imp_ASCON', net 'key[50]' driven by pin 'key[50]' has no loads. (LINT-2)
Warning: In design 'imp_ASCON', net 'key[51]' driven by pin 'key[51]' has no loads. (LINT-2)
Warning: In design 'imp_ASCON', net 'key[52]' driven by pin 'key[52]' has no loads. (LINT-2)
Warning: In design 'imp_ASCON', net 'key[53]' driven by pin 'key[53]' has no loads. (LINT-2)
Warning: In design 'imp_ASCON', net 'key[54]' driven by pin 'key[54]' has no loads. (LINT-2)
Warning: In design 'imp_ASCON', net 'key[55]' driven by pin 'key[55]' has no loads. (LINT-2)
Warning: In design 'imp_ASCON', net 'key[56]' driven by pin 'key[56]' has no loads. (LINT-2)
Warning: In design 'imp_ASCON', net 'key[57]' driven by pin 'key[57]' has no loads. (LINT-2)
Warning: In design 'imp_ASCON', net 'key[58]' driven by pin 'key[58]' has no loads. (LINT-2)
Warning: In design 'imp_ASCON', net 'key[59]' driven by pin 'key[59]' has no loads. (LINT-2)
Warning: In design 'imp_ASCON', net 'key[60]' driven by pin 'key[60]' has no loads. (LINT-2)
Warning: In design 'imp_ASCON', net 'key[61]' driven by pin 'key[61]' has no loads. (LINT-2)
Warning: In design 'imp_ASCON', net 'key[62]' driven by pin 'key[62]' has no loads. (LINT-2)
Warning: In design 'imp_ASCON', net 'key[63]' driven by pin 'key[63]' has no loads. (LINT-2)
Warning: In design 'imp_ASCON', net 'key[64]' driven by pin 'key[64]' has no loads. (LINT-2)
Warning: In design 'imp_ASCON', net 'key[65]' driven by pin 'key[65]' has no loads. (LINT-2)
Warning: In design 'imp_ASCON', net 'key[66]' driven by pin 'key[66]' has no loads. (LINT-2)
Warning: In design 'imp_ASCON', net 'key[67]' driven by pin 'key[67]' has no loads. (LINT-2)
Warning: In design 'imp_ASCON', net 'key[68]' driven by pin 'key[68]' has no loads. (LINT-2)
Warning: In design 'imp_ASCON', net 'key[69]' driven by pin 'key[69]' has no loads. (LINT-2)
Warning: In design 'imp_ASCON', net 'key[70]' driven by pin 'key[70]' has no loads. (LINT-2)
Warning: In design 'imp_ASCON', net 'key[71]' driven by pin 'key[71]' has no loads. (LINT-2)
Warning: In design 'imp_ASCON', net 'key[72]' driven by pin 'key[72]' has no loads. (LINT-2)
Warning: In design 'imp_ASCON', net 'key[73]' driven by pin 'key[73]' has no loads. (LINT-2)
Warning: In design 'imp_ASCON', net 'key[74]' driven by pin 'key[74]' has no loads. (LINT-2)
Warning: In design 'imp_ASCON', net 'key[75]' driven by pin 'key[75]' has no loads. (LINT-2)
Warning: In design 'imp_ASCON', net 'key[76]' driven by pin 'key[76]' has no loads. (LINT-2)
Warning: In design 'imp_ASCON', net 'key[77]' driven by pin 'key[77]' has no loads. (LINT-2)
Warning: In design 'imp_ASCON', net 'key[78]' driven by pin 'key[78]' has no loads. (LINT-2)
Warning: In design 'imp_ASCON', net 'key[79]' driven by pin 'key[79]' has no loads. (LINT-2)
Warning: In design 'imp_ASCON', net 'key[80]' driven by pin 'key[80]' has no loads. (LINT-2)
Warning: In design 'imp_ASCON', net 'key[81]' driven by pin 'key[81]' has no loads. (LINT-2)
Warning: In design 'imp_ASCON', net 'key[82]' driven by pin 'key[82]' has no loads. (LINT-2)
Warning: In design 'imp_ASCON', net 'key[83]' driven by pin 'key[83]' has no loads. (LINT-2)
Warning: In design 'imp_ASCON', net 'key[84]' driven by pin 'key[84]' has no loads. (LINT-2)
Warning: In design 'imp_ASCON', net 'key[85]' driven by pin 'key[85]' has no loads. (LINT-2)
Warning: In design 'imp_ASCON', net 'key[86]' driven by pin 'key[86]' has no loads. (LINT-2)
Warning: In design 'imp_ASCON', net 'key[87]' driven by pin 'key[87]' has no loads. (LINT-2)
Warning: In design 'imp_ASCON', net 'key[88]' driven by pin 'key[88]' has no loads. (LINT-2)
Warning: In design 'imp_ASCON', net 'key[89]' driven by pin 'key[89]' has no loads. (LINT-2)
Warning: In design 'imp_ASCON', net 'key[90]' driven by pin 'key[90]' has no loads. (LINT-2)
Warning: In design 'imp_ASCON', net 'key[91]' driven by pin 'key[91]' has no loads. (LINT-2)
Warning: In design 'imp_ASCON', net 'key[92]' driven by pin 'key[92]' has no loads. (LINT-2)
Warning: In design 'imp_ASCON', net 'key[93]' driven by pin 'key[93]' has no loads. (LINT-2)
Warning: In design 'imp_ASCON', net 'key[94]' driven by pin 'key[94]' has no loads. (LINT-2)
Warning: In design 'imp_ASCON', net 'key[95]' driven by pin 'key[95]' has no loads. (LINT-2)
Warning: In design 'imp_ASCON', net 'key[96]' driven by pin 'key[96]' has no loads. (LINT-2)
Warning: In design 'imp_ASCON', net 'key[97]' driven by pin 'key[97]' has no loads. (LINT-2)
Warning: In design 'imp_ASCON', net 'key[98]' driven by pin 'key[98]' has no loads. (LINT-2)
Warning: In design 'imp_ASCON', net 'key[99]' driven by pin 'key[99]' has no loads. (LINT-2)
Warning: In design 'imp_ASCON', net 'key[100]' driven by pin 'key[100]' has no loads. (LINT-2)
Warning: In design 'imp_ASCON', net 'key[101]' driven by pin 'key[101]' has no loads. (LINT-2)
Warning: In design 'imp_ASCON', net 'key[102]' driven by pin 'key[102]' has no loads. (LINT-2)
Warning: In design 'imp_ASCON', net 'key[103]' driven by pin 'key[103]' has no loads. (LINT-2)
Warning: In design 'imp_ASCON', net 'key[104]' driven by pin 'key[104]' has no loads. (LINT-2)
Warning: In design 'imp_ASCON', net 'key[105]' driven by pin 'key[105]' has no loads. (LINT-2)
Warning: In design 'imp_ASCON', net 'key[106]' driven by pin 'key[106]' has no loads. (LINT-2)
Warning: In design 'imp_ASCON', net 'key[107]' driven by pin 'key[107]' has no loads. (LINT-2)
Warning: In design 'imp_ASCON', net 'key[108]' driven by pin 'key[108]' has no loads. (LINT-2)
Warning: In design 'imp_ASCON', net 'key[109]' driven by pin 'key[109]' has no loads. (LINT-2)
Warning: In design 'imp_ASCON', net 'key[110]' driven by pin 'key[110]' has no loads. (LINT-2)
Warning: In design 'imp_ASCON', net 'key[111]' driven by pin 'key[111]' has no loads. (LINT-2)
Warning: In design 'imp_ASCON', net 'key[112]' driven by pin 'key[112]' has no loads. (LINT-2)
Warning: In design 'imp_ASCON', net 'key[113]' driven by pin 'key[113]' has no loads. (LINT-2)
Warning: In design 'imp_ASCON', net 'key[114]' driven by pin 'key[114]' has no loads. (LINT-2)
Warning: In design 'imp_ASCON', net 'key[115]' driven by pin 'key[115]' has no loads. (LINT-2)
Warning: In design 'imp_ASCON', net 'key[116]' driven by pin 'key[116]' has no loads. (LINT-2)
Warning: In design 'imp_ASCON', net 'key[117]' driven by pin 'key[117]' has no loads. (LINT-2)
Warning: In design 'imp_ASCON', net 'key[118]' driven by pin 'key[118]' has no loads. (LINT-2)
Warning: In design 'imp_ASCON', net 'key[119]' driven by pin 'key[119]' has no loads. (LINT-2)
Warning: In design 'imp_ASCON', net 'key[120]' driven by pin 'key[120]' has no loads. (LINT-2)
Warning: In design 'imp_ASCON', net 'key[121]' driven by pin 'key[121]' has no loads. (LINT-2)
Warning: In design 'imp_ASCON', net 'key[122]' driven by pin 'key[122]' has no loads. (LINT-2)
Warning: In design 'imp_ASCON', net 'key[123]' driven by pin 'key[123]' has no loads. (LINT-2)
Warning: In design 'imp_ASCON', net 'key[124]' driven by pin 'key[124]' has no loads. (LINT-2)
Warning: In design 'imp_ASCON', net 'key[125]' driven by pin 'key[125]' has no loads. (LINT-2)
Warning: In design 'imp_ASCON', net 'key[126]' driven by pin 'key[126]' has no loads. (LINT-2)
Warning: In design 'imp_ASCON', net 'key[127]' driven by pin 'key[127]' has no loads. (LINT-2)
1
report_constraint -all_violators
Warning: Design 'imp_ASCON' has '1' unresolved references. For more detailed information, use the "link" command. (UID-341)
Information: Updating design information... (UID-85)
 
****************************************
Report : constraint
        -all_violators
Design : imp_ASCON
Version: C-2009.06-SP5
Date   : Tue Sep 10 16:48:04 2019
****************************************

This design has no violated constraints.

1
set filebase [format "%s%s" [format "%s%s" $TOP "_"] $dft_runname]
imp_ASCON_syn_dft
set filename [format "%s%s%s" ${DP}/src/ $filebase ".vhd"]
/home/icic/Desktop/part2/ASCON/imp_ASCON/src/imp_ASCON_syn_dft.vhd
redirect change_names { change_names -rules verilog -hierarchy -verbose }
write -format verilog -hierarchy -output $filename          ;# Generate verilog code for synthesized module
Warning: Design 'imp_ASCON' has '1' unresolved references. For more detailed information, use the "link" command. (UID-341)
Writing verilog file '/home/icic/Desktop/part2/ASCON/imp_ASCON/src/imp_ASCON_syn_dft.vhd'.
1
set filename [format "%s%s%s" ${DP}/src/ $filebase ".sdf"]
/home/icic/Desktop/part2/ASCON/imp_ASCON/src/imp_ASCON_syn_dft.sdf
write_sdf -version 1.0 $filename                            ;# Generate SDF for synthesized module
Warning: Design 'imp_ASCON' has '1' unresolved references. For more detailed information, use the "link" command. (UID-341)
Information: Annotated 'cell' delays are assumed to include load delay. (UID-282)
Information: Writing timing information to file '/home/icic/Desktop/part2/ASCON/imp_ASCON/src/imp_ASCON_syn_dft.sdf'. (WT-3)
Warning: Design contains black-box components.  These cells will have no timing information. (WT-7)
1
set filename [format "%s%s%s" ${DP}/src/ $filebase ".sdc"]
/home/icic/Desktop/part2/ASCON/imp_ASCON/src/imp_ASCON_syn_dft.sdc
write_sdc $filename                                         ;# Generate SDC  for synthesized module
Warning: Design 'imp_ASCON' has '1' unresolved references. For more detailed information, use the "link" command. (UID-341)
1
set filename [format "%s%s%s" ${DP}/src/ $filebase ".ddc"]
/home/icic/Desktop/part2/ASCON/imp_ASCON/src/imp_ASCON_syn_dft.ddc
write -hierarchy -format ddc -output $filename              ;# Generate DDC  for synthesized module
Warning: Design 'imp_ASCON' has '1' unresolved references. For more detailed information, use the "link" command. (UID-341)
Writing ddc file '/home/icic/Desktop/part2/ASCON/imp_ASCON/src/imp_ASCON_syn_dft.ddc'.
1
if { $verbose == 1 } {                                      ;# Generate reports for user to view 
report_design
report_hierarchy
report_timing -path full -delay max -nworst 3 -significant_digits 2 -sort_by group
report_timing -path full -delay min -nworst 3 -significant_digits 2 -sort_by group
report_area
report_cell 
report_net 
report_port -v
report_power -analysis_effort low
}
# Design and Hierarchy reports
set filename [format "%s%s%s" ${DP}/reports/ $filebase ".design"]
/home/icic/Desktop/part2/ASCON/imp_ASCON/reports/imp_ASCON_syn_dft.design
redirect $filename { report_design }
set filename [format "%s%s%s" ${DP}/reports/ $filebase ".design"]
/home/icic/Desktop/part2/ASCON/imp_ASCON/reports/imp_ASCON_syn_dft.design
redirect -append $filename { report_hierarchy }
# Timing reports
set filename [format "%s%s%s" ${DP}/reports/ $filebase ".timing"]
/home/icic/Desktop/part2/ASCON/imp_ASCON/reports/imp_ASCON_syn_dft.timing
redirect $filename { report_timing -path full -delay max -nworst 5 -significant_digits 2 -sort_by group 
}
set filename [format "%s%s%s" ${DP}/reports/ $filebase ".timing"]
/home/icic/Desktop/part2/ASCON/imp_ASCON/reports/imp_ASCON_syn_dft.timing
redirect -append $filename { report_timing -path full -delay min -nworst 5 -significant_digits 2 -sort_by group }
# Report_cell and report_area
set filename [format "%s%s%s" ${DP}/reports/ $filebase ".area"]
/home/icic/Desktop/part2/ASCON/imp_ASCON/reports/imp_ASCON_syn_dft.area
redirect $filename { report_area }
set filename [format "%s%s%s" ${DP}/reports/ $filebase ".area"]
/home/icic/Desktop/part2/ASCON/imp_ASCON/reports/imp_ASCON_syn_dft.area
redirect -append $filename { report_cell }
# Report port
set filename [format "%s%s%s" ${DP}/reports/ $filebase ".ports"]
/home/icic/Desktop/part2/ASCON/imp_ASCON/reports/imp_ASCON_syn_dft.ports
redirect $filename { report_port -v}
#report net
set filename [format "%s%s%s" ${DP}/reports/ $filebase ".net"]
/home/icic/Desktop/part2/ASCON/imp_ASCON/reports/imp_ASCON_syn_dft.net
redirect $filename { report_net }
# report power
set filename [format "%s%s%s" ${DP}/reports/ $filebase ".pow"]
/home/icic/Desktop/part2/ASCON/imp_ASCON/reports/imp_ASCON_syn_dft.pow
redirect $filename { report_power -analysis_effort low }
# report dft_drc
set filename [format "%s%s%s"  ${DP}/reports/ $filebase ".violators"]
/home/icic/Desktop/part2/ASCON/imp_ASCON/reports/imp_ASCON_syn_dft.violators
redirect $filename { report_constraint -all_violators }
# report dft_drc
set filename [format "%s%s%s"  ${DP}/reports/ $filebase ".dft_drc"]
/home/icic/Desktop/part2/ASCON/imp_ASCON/reports/imp_ASCON_syn_dft.dft_drc
redirect $filename { dft_drc -verbose -coverage_estimate }
# report scan path
set filename [format "%s%s%s"  ${DP}/reports/ $filebase ".scan_path"]
/home/icic/Desktop/part2/ASCON/imp_ASCON/reports/imp_ASCON_syn_dft.scan_path
redirect $filename { report_scan_path -view existing -chain all }
# report cells
set filename [format "%s%s%s"  ${DP}/reports/ $filebase ".cell"]
/home/icic/Desktop/part2/ASCON/imp_ASCON/reports/imp_ASCON_syn_dft.cell
redirect $filename { report_cell }
# Write out protocol
set filename [format "%s%s%s"  ${DP}/src/ $filebase ".spf"]
/home/icic/Desktop/part2/ASCON/imp_ASCON/src/imp_ASCON_syn_dft.spf
write_test_protocol -output $filename
Error: Design 'imp_ASCON' has no test model. (UIT-453)
0
if { $exit_dc == 1} {
exit
}       

Memory usage for main task 118 Mbytes.
Memory usage for this session 118 Mbytes.
CPU usage for this session 50 seconds ( 0.01 hours ).

Thank you...
